<?xml version="1.0" encoding="UTF-8"?>
<testsuite xmlns:xsi="http://www.w3.org/2001/XMLSchema-instance" xsi:noNamespaceSchemaLocation="https://maven.apache.org/surefire/maven-surefire-plugin/xsd/surefire-test-report.xsd" name="vdro.tau.fish.domain.FishTest" time="0.017" tests="6" errors="0" skipped="0" failures="0">
  <properties>
    <property name="java.specification.version" value="13"/>
    <property name="sun.cpu.isalist" value="amd64"/>
    <property name="sun.jnu.encoding" value="Cp1252"/>
    <property name="java.class.path" value="C:\Users\TomaszFaldrowicz\TAU-FishApp\target\test-classes;C:\Users\TomaszFaldrowicz\TAU-FishApp\target\classes;C:\Users\TomaszFaldrowicz\.m2\repository\junit\junit\4.11\junit-4.11.jar;C:\Users\TomaszFaldrowicz\.m2\repository\org\hamcrest\hamcrest-core\1.3\hamcrest-core-1.3.jar;C:\Users\TomaszFaldrowicz\.m2\repository\org\mockito\mockito-all\1.10.19\mockito-all-1.10.19.jar;"/>
    <property name="java.vm.vendor" value="Oracle Corporation"/>
    <property name="sun.arch.data.model" value="64"/>
    <property name="user.variant" value=""/>
    <property name="java.vendor.url" value="https://java.oracle.com/"/>
    <property name="user.timezone" value="Europe/Warsaw"/>
    <property name="os.name" value="Windows 10"/>
    <property name="java.vm.specification.version" value="13"/>
    <property name="sun.java.launcher" value="SUN_STANDARD"/>
    <property name="user.country" value="US"/>
    <property name="sun.boot.library.path" value="C:\Program Files\Java\jdk-13\bin"/>
    <property name="sun.java.command" value="C:\Users\TOMASZ~1\AppData\Local\Temp\surefire1804072190485582623\surefirebooter12727289866950644574.jar C:\Users\TomaszFaldrowicz\AppData\Local\Temp\surefire1804072190485582623 2019-11-01T16-04-13_283-jvmRun1 surefire1424079477967933602tmp surefire_04239956589674016446tmp"/>
    <property name="jdk.debug" value="release"/>
    <property name="surefire.test.class.path" value="C:\Users\TomaszFaldrowicz\TAU-FishApp\target\test-classes;C:\Users\TomaszFaldrowicz\TAU-FishApp\target\classes;C:\Users\TomaszFaldrowicz\.m2\repository\junit\junit\4.11\junit-4.11.jar;C:\Users\TomaszFaldrowicz\.m2\repository\org\hamcrest\hamcrest-core\1.3\hamcrest-core-1.3.jar;C:\Users\TomaszFaldrowicz\.m2\repository\org\mockito\mockito-all\1.10.19\mockito-all-1.10.19.jar;"/>
    <property name="sun.cpu.endian" value="little"/>
    <property name="user.home" value="C:\Users\TomaszFaldrowicz"/>
    <property name="user.language" value="en"/>
    <property name="java.specification.vendor" value="Oracle Corporation"/>
    <property name="java.version.date" value="2019-09-17"/>
    <property name="java.home" value="C:\Program Files\Java\jdk-13"/>
    <property name="file.separator" value="\"/>
    <property name="basedir" value="C:\Users\TomaszFaldrowicz\TAU-FishApp"/>
    <property name="java.vm.compressedOopsMode" value="Zero based"/>
    <property name="line.separator" value="&#10;"/>
    <property name="java.vm.specification.vendor" value="Oracle Corporation"/>
    <property name="java.specification.name" value="Java Platform API Specification"/>
    <property name="surefire.real.class.path" value="C:\Users\TOMASZ~1\AppData\Local\Temp\surefire1804072190485582623\surefirebooter12727289866950644574.jar"/>
    <property name="user.script" value=""/>
    <property name="sun.management.compiler" value="HotSpot 64-Bit Tiered Compilers"/>
    <property name="java.runtime.version" value="13+33"/>
    <property name="user.name" value="TomaszFaldrowicz"/>
    <property name="path.separator" value=";"/>
    <property name="os.version" value="10.0"/>
    <property name="java.runtime.name" value="Java(TM) SE Runtime Environment"/>
    <property name="file.encoding" value="Cp1252"/>
    <property name="java.vm.name" value="Java HotSpot(TM) 64-Bit Server VM"/>
    <property name="localRepository" value="C:\Users\TomaszFaldrowicz\.m2\repository"/>
    <property name="java.vendor.url.bug" value="https://bugreport.java.com/bugreport/"/>
    <property name="java.io.tmpdir" value="C:\Users\TOMASZ~1\AppData\Local\Temp\"/>
    <property name="java.version" value="13"/>
    <property name="user.dir" value="C:\Users\TomaszFaldrowicz\TAU-FishApp"/>
    <property name="os.arch" value="amd64"/>
    <property name="java.vm.specification.name" value="Java Virtual Machine Specification"/>
    <property name="sun.os.patch.level" value=""/>
    <property name="java.library.path" value="C:\Program Files\Java\jdk-13\bin;C:\WINDOWS\Sun\Java\bin;C:\WINDOWS\system32;C:\WINDOWS;C:\WINDOWS\system32;C:\WINDOWS;C:\WINDOWS\System32\Wbem;C:\WINDOWS\System32\WindowsPowerShell\v1.0\;C:\WINDOWS\System32\OpenSSH\;C:\Program Files\dotnet\;C:\Program Files\Microsoft SQL Server\130\Tools\Binn\;C:\Program Files\Microsoft SQL Server\Client SDK\ODBC\170\Tools\Binn\;C:\Program Files\nodejs\;C:\Program Files (x86)\Plantronics\Spokes3G\;C:\Program Files\Git\cmd;C:\Users\TomaszFaldrowicz\AppData\Local\Microsoft\WindowsApps;C:\Users\TomaszFaldrowicz\AppData\Local\Programs\Microsoft VS Code\bin;C:\Users\TomaszFaldrowicz\AppData\Roaming\npm;C:\Users\TomaszFaldrowicz\AppData\Local\Programs\Fiddler;C:\Users\TomaszFaldrowicz\AppData\Local\Microsoft\WindowsApps;C:\java\apache-maven-3.6.2\bin;;."/>
    <property name="java.vm.info" value="mixed mode, sharing"/>
    <property name="java.vendor" value="Oracle Corporation"/>
    <property name="java.vm.version" value="13+33"/>
    <property name="sun.io.unicode.encoding" value="UnicodeLittle"/>
    <property name="java.class.version" value="57.0"/>
  </properties>
  <testcase name="fishIsImplementedTest" classname="vdro.tau.fish.domain.FishTest" time="0.002"/>
  <testcase name="fishQuantityArgumentShouldAcceptOnlyPositiveNumberTest" classname="vdro.tau.fish.domain.FishTest" time="0.001"/>
  <testcase name="FishCategoryIdArgumentShouldAcceptOnlyPositiveNumberTest" classname="vdro.tau.fish.domain.FishTest" time="0.001"/>
  <testcase name="fishGrossPriceArgumentShouldAcceptOnlyPositiveNumberTest" classname="vdro.tau.fish.domain.FishTest" time="0"/>
  <testcase name="fishIdArgumentShouldAcceptOnlyPositiveNumberTest" classname="vdro.tau.fish.domain.FishTest" time="0.001"/>
  <testcase name="fishNetPriceArgumentShouldAcceptOnlyPositiveNumberTest" classname="vdro.tau.fish.domain.FishTest" time="0"/>
</testsuite>